0 info it worked if it ends with ok
1 verbose cli [ '/Users/venice/.nvm/versions/node/v6.6.0/bin/node',
1 verbose cli   '/Users/venice/.nvm/versions/node/v6.6.0/bin/npm',
1 verbose cli   'run',
1 verbose cli   'start:dev' ]
2 info using npm@3.10.3
3 info using node@v6.6.0
4 verbose run-script [ 'prestart:dev', 'start:dev', 'poststart:dev' ]
5 info lifecycle react-project@1.0.0~prestart:dev: react-project@1.0.0
6 silly lifecycle react-project@1.0.0~prestart:dev: no script for prestart:dev, continuing
7 info lifecycle react-project@1.0.0~start:dev: react-project@1.0.0
8 verbose lifecycle react-project@1.0.0~start:dev: unsafe-perm in lifecycle true
9 verbose lifecycle react-project@1.0.0~start:dev: PATH: /Users/venice/.nvm/versions/node/v6.6.0/lib/node_modules/npm/bin/node-gyp-bin:/private/var/www/react-project/node_modules/.bin:/Users/venice/.nvm/versions/node/v6.6.0/bin:/Users/venice/.nvm/versions/node/v6.6.0/bin:/usr/local/sbin:/usr/local/sbin:/usr/local/sbin:/usr/local/sbin:/usr/local/sbin:/usr/local/bin:/usr/bin:/bin:/usr/sbin:/sbin:/usr/local/share/dotnet
10 verbose lifecycle react-project@1.0.0~start:dev: CWD: /private/var/www/react-project
11 silly lifecycle react-project@1.0.0~start:dev: Args: [ '-c', 'webpack-dev-server' ]
12 silly lifecycle react-project@1.0.0~start:dev: Returned: code: 1  signal: null
13 info lifecycle react-project@1.0.0~start:dev: Failed to exec start:dev script
14 verbose stack Error: react-project@1.0.0 start:dev: `webpack-dev-server`
14 verbose stack Exit status 1
14 verbose stack     at EventEmitter.<anonymous> (/Users/venice/.nvm/versions/node/v6.6.0/lib/node_modules/npm/lib/utils/lifecycle.js:242:16)
14 verbose stack     at emitTwo (events.js:106:13)
14 verbose stack     at EventEmitter.emit (events.js:191:7)
14 verbose stack     at ChildProcess.<anonymous> (/Users/venice/.nvm/versions/node/v6.6.0/lib/node_modules/npm/lib/utils/spawn.js:40:14)
14 verbose stack     at emitTwo (events.js:106:13)
14 verbose stack     at ChildProcess.emit (events.js:191:7)
14 verbose stack     at maybeClose (internal/child_process.js:877:16)
14 verbose stack     at Process.ChildProcess._handle.onexit (internal/child_process.js:226:5)
15 verbose pkgid react-project@1.0.0
16 verbose cwd /private/var/www/react-project
17 error Darwin 16.7.0
18 error argv "/Users/venice/.nvm/versions/node/v6.6.0/bin/node" "/Users/venice/.nvm/versions/node/v6.6.0/bin/npm" "run" "start:dev"
19 error node v6.6.0
20 error npm  v3.10.3
21 error code ELIFECYCLE
22 error react-project@1.0.0 start:dev: `webpack-dev-server`
22 error Exit status 1
23 error Failed at the react-project@1.0.0 start:dev script 'webpack-dev-server'.
23 error Make sure you have the latest version of node.js and npm installed.
23 error If you do, this is most likely a problem with the react-project package,
23 error not with npm itself.
23 error Tell the author that this fails on your system:
23 error     webpack-dev-server
23 error You can get information on how to open an issue for this project with:
23 error     npm bugs react-project
23 error Or if that isn't available, you can get their info via:
23 error     npm owner ls react-project
23 error There is likely additional logging output above.
24 verbose exit [ 1, true ]
